


ARM Macro Assembler    Page 1 


    1 00000000         ;****************** main.s ***************
    2 00000000         ; Program written by: ***Your Names**update this***
    3 00000000         ; Date Created: 1/22/2016 
    4 00000000         ; Last Modified: 1/22/2016 
    5 00000000         ; Section ***Tuesday 1-2***update this***
    6 00000000         ; Instructor: ***Ramesh Yerraballi**update this***
    7 00000000         ; Lab number: 1
    8 00000000         ; Brief description of the program
    9 00000000         ; The overall objective of this system is a digital lock
                       
   10 00000000         ; Hardware connections
   11 00000000         ;  PE3 is switch input  (1 means switch is not pressed, 
                       0 means switch is pressed)
   12 00000000         ;  PE4 is switch input  (1 means switch is not pressed, 
                       0 means switch is pressed)
   13 00000000         ;  PE5 is switch input  (1 means switch is not pressed, 
                       0 means switch is pressed)
   14 00000000         ;  PE2 is LED output (0 means door is locked, 1 means do
                       or is unlocked) 
   15 00000000         ; The specific operation of this system is to 
   16 00000000         ;   unlock if all three switches are pressed
   17 00000000         
   18 00000000 400243FC 
                       GPIO_PORTE_DATA_R
                               EQU              0x400243FC
   19 00000000 40024400 
                       GPIO_PORTE_DIR_R
                               EQU              0x40024400
   20 00000000 40024420 
                       GPIO_PORTE_AFSEL_R
                               EQU              0x40024420
   21 00000000 4002451C 
                       GPIO_PORTE_DEN_R
                               EQU              0x4002451C
   22 00000000 40024528 
                       GPIO_PORTE_AMSEL_R
                               EQU              0x40024528
   23 00000000 4002452C 
                       GPIO_PORTE_PCTL_R
                               EQU              0x4002452C
   24 00000000 400FE608 
                       SYSCTL_RCGCGPIO_R
                               EQU              0x400FE608
   25 00000000         
   26 00000000                 AREA             |.text|, CODE, READONLY, ALIGN=
2
   27 00000000                 THUMB
   28 00000000                 EXPORT           Start
   29 00000000         
   30 00000000         
   31 00000000         
   32 00000000 4819    Start   LDR              R0,= SYSCTL_RCGCGPIO_R
   33 00000002 6801            LDR              R1,[R0]
   34 00000004 F041 0110       ORR              R1,#0x10
   35 00000008 6001            STR              R1,[R0]
   36 0000000A         
   37 0000000A BF00            NOP
   38 0000000C BF00            NOP
   39 0000000E         



ARM Macro Assembler    Page 2 


   40 0000000E 4817            LDR              R0,= GPIO_PORTE_DIR_R
   41 00000010 6801            LDR              R1,[R0]
   42 00000012 F021 0138       BIC              R1,#0x38
   43 00000016 F041 0104       ORR              R1,#0x04
   44 0000001A 6001            STR              R1,[R0]
   45 0000001C         
   46 0000001C 4814            LDR              R0,= GPIO_PORTE_AFSEL_R
   47 0000001E 6801            LDR              R1,[R0]
   48 00000020 F021 013C       BIC              R1,#0x3C
   49 00000024 6001            STR              R1,[R0]
   50 00000026         
   51 00000026 4813            LDR              R0,= GPIO_PORTE_DEN_R
   52 00000028 6801            LDR              R1,[R0]
   53 0000002A F041 013C       ORR              R1,#0x3C
   54 0000002E 6001            STR              R1,[R0]
   55 00000030         
   56 00000030 4811            LDR              R0,= GPIO_PORTE_DATA_R
   57 00000032         loop
   58 00000032 6801            LDR              R1, [R0]
   59 00000034         
   60 00000034         
   61 00000034 F002 0200       AND              R2, #0
   62 00000038 F003 0300       AND              R3, #0
   63 0000003C F004 0400       AND              R4, #0
   64 00000040         
   65 00000040 F081 0138       EOR              R1, #0x38
   66 00000044 F001 0220       AND              R2, R1, #0x20
   67 00000048 F001 0310       AND              R3, R1, #0x10
   68 0000004C F001 0408       AND              R4, R1, #0x08
   69 00000050         
   70 00000050 EA4F 02D2       LSR              R2, #3
   71 00000054 EA4F 0393       LSR              R3, #2
   72 00000058 EA4F 0454       LSR              R4, #1
   73 0000005C         
   74 0000005C EA02 0203       AND              R2, R2, R3
   75 00000060 EA02 0104       AND              R1, R2, R4
   76 00000064         
   77 00000064 6001            STR              R1,[R0]
   78 00000066         
   79 00000066 E7E4            B                loop
   80 00000068         
   81 00000068                 ALIGN                        ; make sure the end
                                                             of this section is
                                                             aligned
   82 00000068                 END                          ; end of file
              400FE608 
              40024400 
              40024420 
              4002451C 
              400243FC 
Command Line: --debug --xref --cpu=Cortex-M4 --apcs=interwork --depend=.\main.d
 -o.\main.o -IC:\Keil\ARM\RV31\INC -IC:\Keil\ARM\CMSIS\Include -IC:\Keil\ARM\In
c\Luminary --predefine="__EVAL SETA 1" --list=.\main.lst main.s



ARM Macro Assembler    Page 1 Alphabetic symbol ordering
Relocatable symbols

.text 00000000

Symbol: .text
   Definitions
      At line 26 in file main.s
   Uses
      None
Comment: .text unused
Start 00000000

Symbol: Start
   Definitions
      At line 32 in file main.s
   Uses
      At line 28 in file main.s
Comment: Start used once
loop 00000032

Symbol: loop
   Definitions
      At line 57 in file main.s
   Uses
      At line 79 in file main.s
Comment: loop used once
3 symbols



ARM Macro Assembler    Page 1 Alphabetic symbol ordering
Absolute symbols

GPIO_PORTE_AFSEL_R 40024420

Symbol: GPIO_PORTE_AFSEL_R
   Definitions
      At line 20 in file main.s
   Uses
      At line 46 in file main.s
Comment: GPIO_PORTE_AFSEL_R used once
GPIO_PORTE_AMSEL_R 40024528

Symbol: GPIO_PORTE_AMSEL_R
   Definitions
      At line 22 in file main.s
   Uses
      None
Comment: GPIO_PORTE_AMSEL_R unused
GPIO_PORTE_DATA_R 400243FC

Symbol: GPIO_PORTE_DATA_R
   Definitions
      At line 18 in file main.s
   Uses
      At line 56 in file main.s
Comment: GPIO_PORTE_DATA_R used once
GPIO_PORTE_DEN_R 4002451C

Symbol: GPIO_PORTE_DEN_R
   Definitions
      At line 21 in file main.s
   Uses
      At line 51 in file main.s
Comment: GPIO_PORTE_DEN_R used once
GPIO_PORTE_DIR_R 40024400

Symbol: GPIO_PORTE_DIR_R
   Definitions
      At line 19 in file main.s
   Uses
      At line 40 in file main.s
Comment: GPIO_PORTE_DIR_R used once
GPIO_PORTE_PCTL_R 4002452C

Symbol: GPIO_PORTE_PCTL_R
   Definitions
      At line 23 in file main.s
   Uses
      None
Comment: GPIO_PORTE_PCTL_R unused
SYSCTL_RCGCGPIO_R 400FE608

Symbol: SYSCTL_RCGCGPIO_R
   Definitions
      At line 24 in file main.s
   Uses
      At line 32 in file main.s
Comment: SYSCTL_RCGCGPIO_R used once
7 symbols
343 symbols in table
