


ARM Macro Assembler    Page 1 


    1 00000000         ; Print.s
    2 00000000         ; Student names: change this to your names or look very 
                       silly
    3 00000000         ; Last modification date: change this to the last modifi
                       cation date or look very silly
    4 00000000         ; Runs on LM4F120 or TM4C123
    5 00000000         ; EE319K lab 7 device driver for any LCD
    6 00000000         ;
    7 00000000         ; As part of Lab 7, students need to implement these LCD
                       _OutDec and LCD_OutFix
    8 00000000         ; This driver assumes two low-level LCD functions
    9 00000000         ; ST7735_OutChar   outputs a single 8-bit ASCII characte
                       r
   10 00000000         ; ST7735_OutString outputs a null-terminated string 
   11 00000000         
   12 00000000         
   13 00000000         
   14 00000000 00000000 
                       num     EQU              0
   15 00000000 00000004 
                       depth   EQU              4
   16 00000000                 IMPORT           ST7735_OutChar
   17 00000000                 IMPORT           ST7735_OutString
   18 00000000                 EXPORT           LCD_OutDec
   19 00000000                 EXPORT           LCD_OutFix
   20 00000000         
   21 00000000                 AREA             |.text|, CODE, READONLY, ALIGN=
2
   22 00000000                 THUMB
   23 00000000         
   24 00000000         
   25 00000000         
   26 00000000         ;-----------------------LCD_OutDec----------------------
                       -
   27 00000000         ; Output a 32-bit number in unsigned decimal format
   28 00000000         ; Input: R0 (call by value) 32-bit unsigned number
   29 00000000         ; Output: none
   30 00000000         ; Invariables: This function must not permanently modify
                        registers R4 to R11
   31 00000000         LCD_OutDec
   32 00000000 B501            PUSH             {LR, R0}
   33 00000002 280A            CMP              R0, #10
   34 00000004 D30F            BLO              baseOutDec
   35 00000006 F04F 030A       MOV              R3, #0xa
   36 0000000A FBB0 F2F3       UDIV             R2, R0, R3
   37 0000000E FB02 0113       MLS              R1, R2, R3, R0
   38 00000012 4610            MOV              R0, R2
   39 00000014 9100            STR              R1, [SP, #num]
   40 00000016 F7FF FFFE       BL               LCD_OutDec
   41 0000001A 9800            LDR              R0, [SP, #num]
   42 0000001C F100 0030       ADD              R0, #0x30
   43 00000020 F7FF FFFE       BL               ST7735_OutChar
   44 00000024 E003            B                returnOutDec
   45 00000026         baseOutDec
   46 00000026 F100 0030       ADD              R0, #0x30
   47 0000002A F7FF FFFE       BL               ST7735_OutChar
   48 0000002E         returnOutDec
   49 0000002E E8BD 4001       POP              {LR, R0}
   50 00000032 4770            BX               LR



ARM Macro Assembler    Page 2 


   51 00000034         
   52 00000034         ;* * * * * * * * End of LCD_OutDec * * * * * * * *
   53 00000034         
   54 00000034         ; -----------------------LCD _OutFix--------------------
                       --
   55 00000034         ; Output characters to LCD display in fixed-point format
                       
   56 00000034         ; unsigned decimal, resolution 0.001, range 0.000 to 9.9
                       99
   57 00000034         ; Inputs:  R0 is an unsigned 32-bit number
   58 00000034         ; Outputs: none
   59 00000034         ; E.g., R0=0,    then output "0.000 "
   60 00000034         ;       R0=3,    then output "0.003 "
   61 00000034         ;       R0=89,   then output "0.089 "
   62 00000034         ;       R0=123,  then output "0.123 "
   63 00000034         ;       R0=9999, then output "9.999 "
   64 00000034         ;       R0>9999, then output "*.*** "
   65 00000034         ; Invariables: This function must not permanently modify
                        registers R4 to R11
   66 00000034         LCD_OutFix
   67 00000034 F04F 0100       MOV              R1, #0
   68 00000038         LCD_OutFix_Wrap
   69 00000038 B513            PUSH             {LR, R4, R1, R0}
   70 0000003A F242 7410       MOV              R4, #10000
   71 0000003E 42A0            CMP              R0, R4
   72 00000040 D21B            BHS              stars
   73 00000042 2904            CMP              R1, #4
   74 00000044 D02D            BEQ              returnOutFix
   75 00000046 F04F 030A       MOV              R3, #0xa
   76 0000004A FBB0 F2F3       UDIV             R2, R0, R3
   77 0000004E FB02 0413       MLS              R4, R2, R3, R0
   78 00000052 4610            MOV              R0, R2
   79 00000054 9400            STR              R4, [SP, #num]
   80 00000056 9101            STR              R1, [SP, #depth]
   81 00000058 F101 0101       ADD              R1, #1
   82 0000005C F7FF FFEC       BL               LCD_OutFix_Wrap
   83 00000060 9800            LDR              R0, [SP, #num]
   84 00000062 F100 0030       ADD              R0, #0x30
   85 00000066 F7FF FFFE       BL               ST7735_OutChar
   86 0000006A 9901            LDR              R1, [SP, #depth]
   87 0000006C 2903            CMP              R1, #3
   88 0000006E D118            BNE              returnOutFix
   89 00000070 F04F 002E       MOV              R0, #0x2E
   90 00000074 F7FF FFFE       BL               ST7735_OutChar
   91 00000078 E013            B                returnOutFix
   92 0000007A         stars
   93 0000007A F04F 002A       MOV              R0, #0x2A
   94 0000007E F7FF FFFE       BL               ST7735_OutChar
   95 00000082 F04F 002E       MOV              R0, #0x2E
   96 00000086 F7FF FFFE       BL               ST7735_OutChar
   97 0000008A F04F 002A       MOV              R0, #0x2A
   98 0000008E F7FF FFFE       BL               ST7735_OutChar
   99 00000092 F04F 002A       MOV              R0, #0x2A
  100 00000096 F7FF FFFE       BL               ST7735_OutChar
  101 0000009A F04F 002A       MOV              R0, #0x2A
  102 0000009E F7FF FFFE       BL               ST7735_OutChar
  103 000000A2         returnOutFix
  104 000000A2 E8BD 4013       POP              {LR, R4, R1, R0}
  105 000000A6 4770            BX               LR



ARM Macro Assembler    Page 3 


  106 000000A8         
  107 000000A8                 ALIGN
  108 000000A8         ;* * * * * * * * End of LCD_OutFix * * * * * * * *
  109 000000A8         
  110 000000A8                 ALIGN                        ; make sure the end
                                                             of this section is
                                                             aligned
  111 000000A8                 END                          ; end of file
Command Line: --debug --xref --cpu=Cortex-M4 --apcs=interwork --depend=.\print.
d -o.\print.o -IC:\Keil\ARM\RV31\INC -IC:\Keil\ARM\CMSIS\Include -IC:\Keil\ARM\
Inc\Luminary --predefine="__EVAL SETA 1" --list=.\print.lst Print.s



ARM Macro Assembler    Page 1 Alphabetic symbol ordering
Relocatable symbols

.text 00000000

Symbol: .text
   Definitions
      At line 21 in file Print.s
   Uses
      None
Comment: .text unused
LCD_OutDec 00000000

Symbol: LCD_OutDec
   Definitions
      At line 31 in file Print.s
   Uses
      At line 18 in file Print.s
      At line 40 in file Print.s

LCD_OutFix 00000034

Symbol: LCD_OutFix
   Definitions
      At line 66 in file Print.s
   Uses
      At line 19 in file Print.s
Comment: LCD_OutFix used once
LCD_OutFix_Wrap 00000038

Symbol: LCD_OutFix_Wrap
   Definitions
      At line 68 in file Print.s
   Uses
      At line 82 in file Print.s
Comment: LCD_OutFix_Wrap used once
baseOutDec 00000026

Symbol: baseOutDec
   Definitions
      At line 45 in file Print.s
   Uses
      At line 34 in file Print.s
Comment: baseOutDec used once
returnOutDec 0000002E

Symbol: returnOutDec
   Definitions
      At line 48 in file Print.s
   Uses
      At line 44 in file Print.s
Comment: returnOutDec used once
returnOutFix 000000A2

Symbol: returnOutFix
   Definitions
      At line 103 in file Print.s
   Uses
      At line 74 in file Print.s
      At line 88 in file Print.s
      At line 91 in file Print.s




ARM Macro Assembler    Page 2 Alphabetic symbol ordering
Relocatable symbols

stars 0000007A

Symbol: stars
   Definitions
      At line 92 in file Print.s
   Uses
      At line 72 in file Print.s
Comment: stars used once
8 symbols



ARM Macro Assembler    Page 1 Alphabetic symbol ordering
Absolute symbols

depth 00000004

Symbol: depth
   Definitions
      At line 15 in file Print.s
   Uses
      At line 80 in file Print.s
      At line 86 in file Print.s

num 00000000

Symbol: num
   Definitions
      At line 14 in file Print.s
   Uses
      At line 39 in file Print.s
      At line 41 in file Print.s
      At line 79 in file Print.s
      At line 83 in file Print.s

2 symbols



ARM Macro Assembler    Page 1 Alphabetic symbol ordering
External symbols

ST7735_OutChar 00000000

Symbol: ST7735_OutChar
   Definitions
      At line 16 in file Print.s
   Uses
      At line 43 in file Print.s
      At line 47 in file Print.s
      At line 85 in file Print.s
      At line 90 in file Print.s
      At line 94 in file Print.s
      At line 96 in file Print.s
      At line 98 in file Print.s
      At line 100 in file Print.s
      At line 102 in file Print.s

ST7735_OutString 00000000

Symbol: ST7735_OutString
   Definitions
      At line 17 in file Print.s
   Uses
      None
Comment: ST7735_OutString unused
2 symbols
343 symbols in table
