


ARM Macro Assembler    Page 1 


    1 00000000         ; IO.s
    2 00000000         ; Student names: Kaela Todd and Megan Cooper
    3 00000000         ; Last modification date: change this to the last modifi
                       cation date or look very silly
    4 00000000         ; Runs on LM4F120/TM4C123
    5 00000000         
    6 00000000         ; EE319K lab 7 device driver for the switch and LED.
    7 00000000         ; You are allowed to use any switch and any LED,
    8 00000000         ; although the Lab suggests the SW1 switch PF4 and Red L
                       ED PF1
    9 00000000         
   10 00000000         ; As part of Lab 7, students need to implement these thr
                       ee functions
   11 00000000         
   12 00000000         ; negative logic SW2 connected to PF0 on the Launchpad
   13 00000000         ; red LED connected to PF1 on the Launchpad
   14 00000000         ; blue LED connected to PF2 on the Launchpad
   15 00000000         ; green LED connected to PF3 on the Launchpad
   16 00000000         ; negative logic SW1 connected to PF4 on the Launchpad
   17 00000000         
   18 00000000                 EXPORT           IO_Init
   19 00000000                 EXPORT           IO_Touch
   20 00000000                 EXPORT           IO_HeartBeat
   21 00000000                 IMPORT           Delay1ms
   22 00000000         
   23 00000000 400253FC 
                       GPIO_PORTF_DATA_R
                               EQU              0x400253FC
   24 00000000 40025400 
                       GPIO_PORTF_DIR_R
                               EQU              0x40025400
   25 00000000 40025420 
                       GPIO_PORTF_AFSEL_R
                               EQU              0x40025420
   26 00000000 40025510 
                       GPIO_PORTF_PUR_R
                               EQU              0x40025510
   27 00000000 4002551C 
                       GPIO_PORTF_DEN_R
                               EQU              0x4002551C
   28 00000000 40025520 
                       GPIO_PORTF_LOCK_R
                               EQU              0x40025520
   29 00000000 40025524 
                       GPIO_PORTF_CR_R
                               EQU              0x40025524
   30 00000000 40025528 
                       GPIO_PORTF_AMSEL_R
                               EQU              0x40025528
   31 00000000 4002552C 
                       GPIO_PORTF_PCTL_R
                               EQU              0x4002552C
   32 00000000 4C4F434B 
                       GPIO_LOCK_KEY
                               EQU              0x4C4F434B  ; Unlocks the GPIO_
                                                            CR register
   33 00000000 40025004 
                       PF0     EQU              0x40025004
   34 00000000 40025008 



ARM Macro Assembler    Page 2 


                       PF1     EQU              0x40025008
   35 00000000 40025010 
                       PF2     EQU              0x40025010
   36 00000000 40025020 
                       PF3     EQU              0x40025020
   37 00000000 40025040 
                       PF4     EQU              0x40025040
   38 00000000 40025038 
                       LEDS    EQU              0x40025038
   39 00000000 00000002 
                       RED     EQU              0x02
   40 00000000 00000004 
                       BLUE    EQU              0x04
   41 00000000 00000008 
                       GREEN   EQU              0x08
   42 00000000 40025044 
                       SWITCHES
                               EQU              0x40025044
   43 00000000 00000010 
                       SW1     EQU              0x10        ; on the left side 
                                                            of the Launchpad bo
                                                            ard
   44 00000000 00000001 
                       SW2     EQU              0x01        ; on the right side
                                                             of the Launchpad b
                                                            oard
   45 00000000 400FE608 
                       SYSCTL_RCGCGPIO_R
                               EQU              0x400FE608
   46 00000000         
   47 00000000                 AREA             |.text|, CODE, READONLY, ALIGN=
2
   48 00000000                 THUMB
   49 00000000         
   50 00000000         
   51 00000000         
   52 00000000         ;------------IO_Init------------
   53 00000000         ; Initialize GPIO Port for a switch and an LED
   54 00000000         ; Input: none
   55 00000000         ; Output: none
   56 00000000         ; This is a public function
   57 00000000         ; Invariables: This function must not permanently modify
                        registers R4 to R11
   58 00000000         IO_Init
   59 00000000 481D            LDR              R0,= SYSCTL_RCGCGPIO_R
   60 00000002 6801            LDR              R1, [R0]
   61 00000004 F041 0121       ORR              R1, #0x21
   62 00000008 6001            STR              R1, [R0]
   63 0000000A         
   64 0000000A BF00            NOP
   65 0000000C BF00            NOP
   66 0000000E         ;Initialize PF4 as Input, PF1 as output 
   67 0000000E 481B            LDR              R0,= GPIO_PORTF_DIR_R
   68 00000010 6801            LDR              R1, [R0]
   69 00000012 F021 0110       BIC              R1, #0x10
   70 00000016 F041 0102       ORR              R1, #0x02
   71 0000001A 6001            STR              R1, [R0]
   72 0000001C         
   73 0000001C 4818            LDR              R0,= GPIO_PORTF_AFSEL_R



ARM Macro Assembler    Page 3 


   74 0000001E 6801            LDR              R1, [R0]
   75 00000020 F021 0112       BIC              R1, #0x12
   76 00000024 6001            STR              R1, [R0]
   77 00000026         
   78 00000026 4817            LDR              R0,= GPIO_PORTF_DEN_R
   79 00000028 6801            LDR              R1, [R0]
   80 0000002A F041 0112       ORR              R1, #0x12
   81 0000002E 6001            STR              R1, [R0]
   82 00000030         
   83 00000030 4815            LDR              R0,= GPIO_PORTF_PUR_R
   84 00000032 6801            LDR              R1, [R0]
   85 00000034 F041 0110       ORR              R1, #0x10
   86 00000038 6001            STR              R1, [R0]
   87 0000003A         
   88 0000003A         ;Add PDR/PUR for LED 
   89 0000003A 4770            BX               LR
   90 0000003C         ;* * * * * * * * End of IO_Init * * * * * * * *
   91 0000003C         
   92 0000003C         ;------------IO_HeartBeat------------
   93 0000003C         ; Toggle the output state of the LED.
   94 0000003C         ; Input: none
   95 0000003C         ; Output: none
   96 0000003C         ; This is a public function
   97 0000003C         ; Invariables: This function must not permanently modify
                        registers R4 to R11
   98 0000003C         IO_HeartBeat
   99 0000003C 4813            LDR              R0,= PF1
  100 0000003E 6801            LDR              R1, [R0]
  101 00000040         ;Toggle LED at PF1
  102 00000040 F081 01FF       EOR              R1, #0xFF
  103 00000044 6001            STR              R1, [R0]
  104 00000046         
  105 00000046 4770            BX               LR          ; return
  106 00000048         ;* * * * * * * * End of IO_HeartBeat * * * * * * * *
  107 00000048         
  108 00000048         ;------------IO_Touch------------
  109 00000048         ; First: wait for the of the release of the switch
  110 00000048         ; and then: wait for the touch of the switch
  111 00000048         ; Input: none
  112 00000048         ; Input: none
  113 00000048         ; Output: none
  114 00000048         ; This is a public function
  115 00000048         ; Invariables: This function must not permanently modify
                        registers R4 to R11
  116 00000048         IO_Touch
  117 00000048         ; Loops Until switch is Released
  118 00000048 4811            LDR              R0,= PF4
  119 0000004A 6801    release LDR              R1, [R0]
  120 0000004C 2900            CMP              R1, #0x00
  121 0000004E D1FC            BNE              release
  122 00000050         ; Implements a 62ms long delay
  123 00000050 F04F 0114       MOV              R1, #20
  124 00000054         Subt
  125 00000054 F24F 2230       MOV              R2, #62000
  126 00000058         wait
  127 00000058 3A01            SUBS             R2, #1
  128 0000005A D1FD            BNE              wait
  129 0000005C 3901            SUBS             R1, #1
  130 0000005E D1F9            BNE              Subt



ARM Macro Assembler    Page 4 


  131 00000060         ; Loops until switch is Touched
  132 00000060 6801    touch   LDR              R1, [R0]
  133 00000062 2910            CMP              R1, #0x10
  134 00000064 D1FC            BNE              touch
  135 00000066         ; Implements a 62ms long delay
  136 00000066 F04F 0114       MOV              R1, #20
  137 0000006A         Subt1
  138 0000006A F24F 2230       MOV              R2, #62000
  139 0000006E         wait1
  140 0000006E 3A01            SUBS             R2, #1
  141 00000070 D1FD            BNE              wait1
  142 00000072 3901            SUBS             R1, #1
  143 00000074 D1F9            BNE              Subt1
  144 00000076 4770            BX               LR          ; return
  145 00000078         ;* * * * * * * * End of IO_Touch * * * * * * * *
  146 00000078         
  147 00000078                 ALIGN                        ; make sure the end
                                                             of this section is
                                                             aligned
  148 00000078                 END                          ; end of file
              400FE608 
              40025400 
              40025420 
              4002551C 
              40025510 
              40025008 
              40025040 
Command Line: --debug --xref --cpu=Cortex-M4 --apcs=interwork --depend=.\io.d -
o.\io.o -IC:\Keil\ARM\RV31\INC -IC:\Keil\ARM\CMSIS\Include -IC:\Keil\ARM\Inc\Lu
minary --predefine="__EVAL SETA 1" --predefine="__MICROLIB SETA 1" --list=.\io.
lst IO.s



ARM Macro Assembler    Page 1 Alphabetic symbol ordering
Relocatable symbols

.text 00000000

Symbol: .text
   Definitions
      At line 47 in file IO.s
   Uses
      None
Comment: .text unused
IO_HeartBeat 0000003C

Symbol: IO_HeartBeat
   Definitions
      At line 98 in file IO.s
   Uses
      At line 20 in file IO.s
Comment: IO_HeartBeat used once
IO_Init 00000000

Symbol: IO_Init
   Definitions
      At line 58 in file IO.s
   Uses
      At line 18 in file IO.s
Comment: IO_Init used once
IO_Touch 00000048

Symbol: IO_Touch
   Definitions
      At line 116 in file IO.s
   Uses
      At line 19 in file IO.s
Comment: IO_Touch used once
Subt 00000054

Symbol: Subt
   Definitions
      At line 124 in file IO.s
   Uses
      At line 130 in file IO.s
Comment: Subt used once
Subt1 0000006A

Symbol: Subt1
   Definitions
      At line 137 in file IO.s
   Uses
      At line 143 in file IO.s
Comment: Subt1 used once
release 0000004A

Symbol: release
   Definitions
      At line 119 in file IO.s
   Uses
      At line 121 in file IO.s
Comment: release used once
touch 00000060

Symbol: touch



ARM Macro Assembler    Page 2 Alphabetic symbol ordering
Relocatable symbols

   Definitions
      At line 132 in file IO.s
   Uses
      At line 134 in file IO.s
Comment: touch used once
wait 00000058

Symbol: wait
   Definitions
      At line 126 in file IO.s
   Uses
      At line 128 in file IO.s
Comment: wait used once
wait1 0000006E

Symbol: wait1
   Definitions
      At line 139 in file IO.s
   Uses
      At line 141 in file IO.s
Comment: wait1 used once
10 symbols



ARM Macro Assembler    Page 1 Alphabetic symbol ordering
Absolute symbols

BLUE 00000004

Symbol: BLUE
   Definitions
      At line 40 in file IO.s
   Uses
      None
Comment: BLUE unused
GPIO_LOCK_KEY 4C4F434B

Symbol: GPIO_LOCK_KEY
   Definitions
      At line 32 in file IO.s
   Uses
      None
Comment: GPIO_LOCK_KEY unused
GPIO_PORTF_AFSEL_R 40025420

Symbol: GPIO_PORTF_AFSEL_R
   Definitions
      At line 25 in file IO.s
   Uses
      At line 73 in file IO.s
Comment: GPIO_PORTF_AFSEL_R used once
GPIO_PORTF_AMSEL_R 40025528

Symbol: GPIO_PORTF_AMSEL_R
   Definitions
      At line 30 in file IO.s
   Uses
      None
Comment: GPIO_PORTF_AMSEL_R unused
GPIO_PORTF_CR_R 40025524

Symbol: GPIO_PORTF_CR_R
   Definitions
      At line 29 in file IO.s
   Uses
      None
Comment: GPIO_PORTF_CR_R unused
GPIO_PORTF_DATA_R 400253FC

Symbol: GPIO_PORTF_DATA_R
   Definitions
      At line 23 in file IO.s
   Uses
      None
Comment: GPIO_PORTF_DATA_R unused
GPIO_PORTF_DEN_R 4002551C

Symbol: GPIO_PORTF_DEN_R
   Definitions
      At line 27 in file IO.s
   Uses
      At line 78 in file IO.s
Comment: GPIO_PORTF_DEN_R used once
GPIO_PORTF_DIR_R 40025400

Symbol: GPIO_PORTF_DIR_R



ARM Macro Assembler    Page 2 Alphabetic symbol ordering
Absolute symbols

   Definitions
      At line 24 in file IO.s
   Uses
      At line 67 in file IO.s
Comment: GPIO_PORTF_DIR_R used once
GPIO_PORTF_LOCK_R 40025520

Symbol: GPIO_PORTF_LOCK_R
   Definitions
      At line 28 in file IO.s
   Uses
      None
Comment: GPIO_PORTF_LOCK_R unused
GPIO_PORTF_PCTL_R 4002552C

Symbol: GPIO_PORTF_PCTL_R
   Definitions
      At line 31 in file IO.s
   Uses
      None
Comment: GPIO_PORTF_PCTL_R unused
GPIO_PORTF_PUR_R 40025510

Symbol: GPIO_PORTF_PUR_R
   Definitions
      At line 26 in file IO.s
   Uses
      At line 83 in file IO.s
Comment: GPIO_PORTF_PUR_R used once
GREEN 00000008

Symbol: GREEN
   Definitions
      At line 41 in file IO.s
   Uses
      None
Comment: GREEN unused
LEDS 40025038

Symbol: LEDS
   Definitions
      At line 38 in file IO.s
   Uses
      None
Comment: LEDS unused
PF0 40025004

Symbol: PF0
   Definitions
      At line 33 in file IO.s
   Uses
      None
Comment: PF0 unused
PF1 40025008

Symbol: PF1
   Definitions
      At line 34 in file IO.s
   Uses



ARM Macro Assembler    Page 3 Alphabetic symbol ordering
Absolute symbols

      At line 99 in file IO.s
Comment: PF1 used once
PF2 40025010

Symbol: PF2
   Definitions
      At line 35 in file IO.s
   Uses
      None
Comment: PF2 unused
PF3 40025020

Symbol: PF3
   Definitions
      At line 36 in file IO.s
   Uses
      None
Comment: PF3 unused
PF4 40025040

Symbol: PF4
   Definitions
      At line 37 in file IO.s
   Uses
      At line 118 in file IO.s
Comment: PF4 used once
RED 00000002

Symbol: RED
   Definitions
      At line 39 in file IO.s
   Uses
      None
Comment: RED unused
SW1 00000010

Symbol: SW1
   Definitions
      At line 43 in file IO.s
   Uses
      None
Comment: SW1 unused
SW2 00000001

Symbol: SW2
   Definitions
      At line 44 in file IO.s
   Uses
      None
Comment: SW2 unused
SWITCHES 40025044

Symbol: SWITCHES
   Definitions
      At line 42 in file IO.s
   Uses
      None
Comment: SWITCHES unused
SYSCTL_RCGCGPIO_R 400FE608



ARM Macro Assembler    Page 4 Alphabetic symbol ordering
Absolute symbols


Symbol: SYSCTL_RCGCGPIO_R
   Definitions
      At line 45 in file IO.s
   Uses
      At line 59 in file IO.s
Comment: SYSCTL_RCGCGPIO_R used once
23 symbols



ARM Macro Assembler    Page 1 Alphabetic symbol ordering
External symbols

Delay1ms 00000000

Symbol: Delay1ms
   Definitions
      At line 21 in file IO.s
   Uses
      None
Comment: Delay1ms unused
1 symbol
368 symbols in table
