


ARM Macro Assembler    Page 1 


    1 00000000         ; Print.s
    2 00000000         ; Student names: Kaela Todd and Megan Cooper
    3 00000000         ; Last modification date: change this to the last modifi
                       cation date or look very silly
    4 00000000         ; Runs on LM4F120 or TM4C123
    5 00000000         ; EE319K lab 7 device driver for any LCD
    6 00000000         ;
    7 00000000         ; As part of Lab 7, students need to implement these LCD
                       _OutDec and LCD_OutFix
    8 00000000         ; This driver assumes two low-level LCD functions
    9 00000000         ; ST7735_OutChar   outputs a single 8-bit ASCII characte
                       r
   10 00000000         ; ST7735_OutString outputs a null-terminated string 
   11 00000000         
   12 00000000                 IMPORT           ST7735_OutChar
   13 00000000                 IMPORT           ST7735_OutString
   14 00000000         
   15 00000000                 EXPORT           LCD_OutDec
   16 00000000                 EXPORT           LCD_OutFix
   17 00000000         
   18 00000000                 AREA             |.text|, CODE, READONLY, ALIGN=
2
   19 00000000                 THUMB
   20 00000000         
   21 00000000         
   22 00000000         
   23 00000000         ;-----------------------LCD_OutDec----------------------
                       -
   24 00000000         ; Output a 32-bit number in unsigned decimal format
   25 00000000         ; Input: R0 (call by value) 32-bit unsigned number
   26 00000000         ; Output: none
   27 00000000         ; Invariables: This function must not permanently modify
                        registers R4 to R11
   28 00000000         
   29 00000000         LCD_OutDec
   30 00000000         ;Binding: creates offset for SP 
   31 00000000 00000004 
                       x       EQU              4
   32 00000000         ;Allocate the stack for local variable
   33 00000000 B082            SUB              SP, #8
   34 00000002 46EC            MOV              R12, SP
   35 00000004 F04F 0300       MOV              R3, #0
   36 00000008         ;Store local variable to the stack
   37 00000008 F04F 020A       MOV              R2, #10
   38 0000000C F8CC 2004       STR              R2, [R12,#x]
   39 00000010         
   40 00000010 4601    loop1   MOV              R1, R0
   41 00000012 F8DC 2004       LDR              R2, [R12,#x]
   42 00000016 FBB0 F0F2       UDIV             R0, R2
   43 0000001A FB00 F202       MUL              R2, R0, R2
   44 0000001E 1A8A            SUBS             R2, R1, R2
   45 00000020 B414            PUSH             {R2,R4}
   46 00000022 F103 0301       ADD              R3, #1
   47 00000026 2800            CMP              R0, #0
   48 00000028 D1F2            BNE              loop1
   49 0000002A BC11    loop2   POP              {R0,R4}
   50 0000002C F100 0030       ADD              R0, #0x30
   51 00000030 B508            PUSH             {LR,R3}
   52 00000032 F7FF FFFE       BL               ST7735_OutChar



ARM Macro Assembler    Page 2 


   53 00000036 E8BD 4008       POP              {LR,R3}
   54 0000003A 3B01            SUBS             R3, #1
   55 0000003C D1F5            BNE              loop2
   56 0000003E B002            ADD              SP, #8
   57 00000040 4770            BX               LR
   58 00000042         ;* * * * * * * * End of LCD_OutDec * * * * * * * *
   59 00000042         
   60 00000042         ; -----------------------LCD _OutFix--------------------
                       --
   61 00000042         ; Output characters to LCD display in fixed-point format
                       
   62 00000042         ; unsigned decimal, resolution 0.001, range 0.000 to 9.9
                       99
   63 00000042         ; Inputs:  R0 is an unsigned 32-bit number
   64 00000042         ; Outputs: none
   65 00000042         ; E.g., R0=0,    then output "0.000 "
   66 00000042         ;       R0=3,    then output "0.003 "
   67 00000042         ;       R0=89,   then output "0.089 "
   68 00000042         ;       R0=123,  then output "0.123 "
   69 00000042         ;       R0=9999, then output "9.999 "
   70 00000042         ;       R0>9999, then output "*.*** "
   71 00000042         ; Invariables: This function must not permanently modify
                        registers R4 to R11
   72 00000042         LCD_OutFix
   73 00000042 F242 710F       MOV              R1, #9999
   74 00000046 4288            CMP              R0, R1
   75 00000048         ;Branches to Print *.*** if higher that 9999
   76 00000048 D837            BHI              OVER
   77 0000004A F44F 717A       MOV              R1,#1000
   78 0000004E 4602            MOV              R2,R0       ; input in R2
   79 00000050 FBB0 F0F1       UDIV             R0,R1       ; R0= R0/1000
   80 00000054 FB01 F100       MUL              R1,R0       ; R1= 1000*R0
   81 00000058 1A52            SUBS             R2,R1       ; R2=LAST THREE DIG
                                                            ITS
   82 0000005A F100 0030       ADD              R0, #0x30
   83 0000005E B504            PUSH             {LR,R2}
   84 00000060         ;Prints first digit and "."
   85 00000060 F7FF FFFE       BL               ST7735_OutChar
   86 00000064 F04F 002E       MOV              R0, #0x2E
   87 00000068 F7FF FFFE       BL               ST7735_OutChar
   88 0000006C E8BD 4004       POP              {LR,R2}
   89 00000070 F04F 0164       MOV              R1, #100
   90 00000074 FBB2 F0F1       UDIV             R0, R2, R1  ; R0=R2/100
   91 00000078 FB01 F100       MUL              R1,R0       ; R1= 100*R0
   92 0000007C 1A52            SUBS             R2,R1       ;R2=LAST TWO DIGITS
                                                            
   93 0000007E F100 0030       ADD              R0, #0x30
   94 00000082         ;Prints second digit
   95 00000082 B504            PUSH             {LR,R2}
   96 00000084 F7FF FFFE       BL               ST7735_OutChar
   97 00000088 E8BD 4004       POP              {LR,R2}
   98 0000008C F04F 010A       MOV              R1, #10
   99 00000090 FBB2 F0F1       UDIV             R0, R2, R1  ; R0=R2/10
  100 00000094 FB01 F100       MUL              R1,R0       ; R1= 10*R0
  101 00000098 1A52            SUBS             R2,R1       ;R2= LAST DIGIT
  102 0000009A F100 0030       ADD              R0, #0x30
  103 0000009E         ;Prints third digit
  104 0000009E B504            PUSH             {LR,R2}
  105 000000A0 F7FF FFFE       BL               ST7735_OutChar



ARM Macro Assembler    Page 3 


  106 000000A4 E8BD 4004       POP              {LR,R2}
  107 000000A8 4610            MOV              R0,R2
  108 000000AA F100 0030       ADD              R0, #0x30
  109 000000AE         ;Prints fourth/last digit
  110 000000AE B504            PUSH             {LR,R2}
  111 000000B0 F7FF FFFE       BL               ST7735_OutChar
  112 000000B4 E8BD 4004       POP              {LR,R2}
  113 000000B8 4770            BX               LR
  114 000000BA         ;Prints *.*** to the display
  115 000000BA F04F 002A 
                       OVER    MOV              R0, #0x2A
  116 000000BE B504            PUSH             {LR,R2}
  117 000000C0 F7FF FFFE       BL               ST7735_OutChar
  118 000000C4 E8BD 4004       POP              {LR,R2}
  119 000000C8 F04F 002E       MOV              R0, #0x2E
  120 000000CC B504            PUSH             {LR,R2}
  121 000000CE F7FF FFFE       BL               ST7735_OutChar
  122 000000D2 E8BD 4004       POP              {LR,R2}
  123 000000D6 F04F 002A       MOV              R0, #0x2A
  124 000000DA B504            PUSH             {LR,R2}
  125 000000DC F7FF FFFE       BL               ST7735_OutChar
  126 000000E0 E8BD 4004       POP              {LR,R2}
  127 000000E4 F04F 002A       MOV              R0, #0x2A
  128 000000E8 B504            PUSH             {LR,R2}
  129 000000EA F7FF FFFE       BL               ST7735_OutChar
  130 000000EE E8BD 4004       POP              {LR,R2}
  131 000000F2 F04F 002A       MOV              R0, #0x2A
  132 000000F6 B504            PUSH             {LR,R2}
  133 000000F8 F7FF FFFE       BL               ST7735_OutChar
  134 000000FC E8BD 4004       POP              {LR,R2}
  135 00000100 4770            BX               LR
  136 00000102 00 00           ALIGN
  137 00000104         ;* * * * * * * * End of LCD_OutFix * * * * * * * *
  138 00000104         
  139 00000104                 ALIGN                        ; make sure the end
                                                             of this section is
                                                             aligned
  140 00000104                 END                          ; end of file
Command Line: --debug --xref --cpu=Cortex-M4 --apcs=interwork --depend=.\print.
d -o.\print.o -IC:\Keil\ARM\RV31\INC -IC:\Keil\ARM\CMSIS\Include -IC:\Keil\ARM\
Inc\Luminary --predefine="__EVAL SETA 1" --predefine="__MICROLIB SETA 1" --list
=.\print.lst Print.s



ARM Macro Assembler    Page 1 Alphabetic symbol ordering
Relocatable symbols

.text 00000000

Symbol: .text
   Definitions
      At line 18 in file Print.s
   Uses
      None
Comment: .text unused
LCD_OutDec 00000000

Symbol: LCD_OutDec
   Definitions
      At line 29 in file Print.s
   Uses
      At line 15 in file Print.s
Comment: LCD_OutDec used once
LCD_OutFix 00000042

Symbol: LCD_OutFix
   Definitions
      At line 72 in file Print.s
   Uses
      At line 16 in file Print.s
Comment: LCD_OutFix used once
OVER 000000BA

Symbol: OVER
   Definitions
      At line 115 in file Print.s
   Uses
      At line 76 in file Print.s
Comment: OVER used once
loop1 00000010

Symbol: loop1
   Definitions
      At line 40 in file Print.s
   Uses
      At line 48 in file Print.s
Comment: loop1 used once
loop2 0000002A

Symbol: loop2
   Definitions
      At line 49 in file Print.s
   Uses
      At line 55 in file Print.s
Comment: loop2 used once
6 symbols



ARM Macro Assembler    Page 1 Alphabetic symbol ordering
Absolute symbols

x 00000004

Symbol: x
   Definitions
      At line 31 in file Print.s
   Uses
      At line 38 in file Print.s
      At line 41 in file Print.s

1 symbol



ARM Macro Assembler    Page 1 Alphabetic symbol ordering
External symbols

ST7735_OutChar 00000000

Symbol: ST7735_OutChar
   Definitions
      At line 12 in file Print.s
   Uses
      At line 52 in file Print.s
      At line 85 in file Print.s
      At line 87 in file Print.s
      At line 96 in file Print.s
      At line 105 in file Print.s
      At line 111 in file Print.s
      At line 117 in file Print.s
      At line 121 in file Print.s
      At line 125 in file Print.s
      At line 129 in file Print.s
      At line 133 in file Print.s

ST7735_OutString 00000000

Symbol: ST7735_OutString
   Definitions
      At line 13 in file Print.s
   Uses
      None
Comment: ST7735_OutString unused
2 symbols
341 symbols in table
